C51 COMPILER V9.59.0.0   MAIN                                                              04/03/2022 16:24:27 PAGE 1   


C51 COMPILER V9.59.0.0, COMPILATION OF MODULE MAIN
OBJECT MODULE PLACED IN .\Objects\main.obj
COMPILER INVOKED BY: D:\Keil_v5\C51\BIN\C51.EXE main.c OPTIMIZE(8,SPEED) BROWSE DEBUG OBJECTEXTEND PRINT(.\Listings\main
                    -.lst) OBJECT(.\Objects\main.obj)

line level    source

   1          /*
   2          密码锁
   3          默认密码为2345
   4          */
   5          #include <REGX52.H>//标准头文件
   6          #include "51common.h"//定义unsigned char为u8,延时函数delay_ms()
   7          #include "key.h"//独立按键头文件
   8          #include "LCD1602.h"//LCD1602头文件
   9          #include "MatrixKey.h"//矩阵按键
  10          
  11          u8 key,count;
  12          u16 Password;
  13          
  14          void main()
  15          {
  16   1              
  17   1              
  18   1              LCD_Init();
  19   1              LCD_ShowString(1,1,"Password:");
  20   1              LCD_ShowNum(2,1,Password,4);
  21   1              while(1)
  22   1              {
  23   2                      key=MatrixKeyDown();
  24   2                      if(key){
  25   3                              if(key<=10){//如果按键是S1~S10,
  26   4                                      if(count<4){
  27   5                                              Password *= 10;//密码左移一位
  28   5                                              Password += key%10;//密码新的一位
  29   5                                      }
  30   4                                      count++;
  31   4                                      
  32   4                              }
  33   3                              LCD_ShowNum(2,1,Password,4);
  34   3                              
  35   3                              if(key==11){//如果按键是S11,确认
  36   4                                      if(Password==2345){
  37   5                                              LCD_ShowString(1,14,"OK ");
  38   5                                              count=0;//次数清零
  39   5                                              Password=0;//密码清零
  40   5                                              LCD_ShowString(2,1,"   ");//重置显示数字
  41   5                                      }else{
  42   5                                              LCD_ShowString(1,14,"ERR");
  43   5                                      }
  44   4                                      
  45   4                              }
  46   3                              
  47   3                              if(key==12){//如果按键是S12,取消
  48   4                                      count=0;//次数清零
  49   4                                      Password=0;//密码清零
  50   4                                      LCD_ShowNum(2,1,Password,4);//重置显示
  51   4                                      LCD_ShowString(1,14,"   ");
  52   4                              }
  53   3                              LCD_ShowNum(2,1,Password,4);
  54   3                      }
C51 COMPILER V9.59.0.0   MAIN                                                              04/03/2022 16:24:27 PAGE 2   

  55   2              }
  56   1      }
  57          


MODULE INFORMATION:   STATIC OVERLAYABLE
   CODE SIZE        =    224    ----
   CONSTANT SIZE    =     22    ----
   XDATA SIZE       =   ----    ----
   PDATA SIZE       =   ----    ----
   DATA SIZE        =      4    ----
   IDATA SIZE       =   ----    ----
   BIT SIZE         =   ----    ----
END OF MODULE INFORMATION.


C51 COMPILATION COMPLETE.  0 WARNING(S),  0 ERROR(S)
