C51 COMPILER V9.59.0.0   MAIN                                                              04/04/2022 17:27:04 PAGE 1   


C51 COMPILER V9.59.0.0, COMPILATION OF MODULE MAIN
OBJECT MODULE PLACED IN .\Objects\main.obj
COMPILER INVOKED BY: D:\Keil_v5\C51\BIN\C51.EXE main.c OPTIMIZE(8,SPEED) BROWSE DEBUG OBJECTEXTEND PRINT(.\Listings\main
                    -.lst) OBJECT(.\Objects\main.obj)

line level    source

   1          /*动态数码管
   2          延时太短会出现显示错位，怎么办？答：消影
   3          原来的过程：位选 段选 位选 段选 位选 段选 
   4          加入消影的过程：位选 段选 清零 位选 段选 清零 位选 段选 清零
   5          
   6          MCU直接扫描显示：硬件简单，但耗费大量CPU时间
   7          专用驱动芯片（TM1640）显示：内部自带显存、扫描电路，只需告诉他显示什么即可
   8          74HC595可用3根线控制8位数码管，也耗费资源，但需要的IO口较少
   9          */
  10          
  11          #include <REGX52.H>
  12          #include "typedef.h"
  13          #include "delay.h"
  14          
  15          void Nixie(u8 location,Number,Point);
  16          
  17          void main()
  18          {
  19   1              while(1)
  20   1              {
  21   2                      u8 i;
  22   2                      for(i=0;;i++){
  23   3                              Nixie(i,i,1);
  24   3                              //delay_ms(500);
  25   3                              if(i==8) i=0;
  26   3                      }
  27   2                      
  28   2              }
  29   1      }
  30          
  31          void Nixie(u8 Location,Number,Point)
  32          {
  33   1              //坐标（1~8，从右到左），数字（0~9），有无点（1为有，0为无）
  34   1              switch(Location)
  35   1              {
  36   2                      case 1:P2_4=0;P2_3=0;P2_2=0;break;
  37   2                      case 2:P2_4=0;P2_3=0;P2_2=1;break;
  38   2                      case 3:P2_4=0;P2_3=1;P2_2=0;break;
  39   2                      case 4:P2_4=0;P2_3=1;P2_2=1;break;
  40   2                      case 5:P2_4=1;P2_3=0;P2_2=0;break;
  41   2                      case 6:P2_4=1;P2_3=0;P2_2=1;break;
  42   2                      case 7:P2_4=1;P2_3=1;P2_2=0;break;
  43   2                      case 8:P2_4=1;P2_3=1;P2_2=1;break;
  44   2              }
  45   1              switch(Number)
  46   1              {
  47   2                      case 0:P0=0x3F;break;
  48   2                      case 1:P0=0x06;break;
  49   2                      case 2:P0=0x5b;break;
  50   2                      case 3:P0=0x4f;break;
  51   2                      case 4:P0=0x66;break;
  52   2                      case 5:P0=0x6D;break;
  53   2                      case 6:P0=0x7D;break;
  54   2                      case 7:P0=0x07;break;
C51 COMPILER V9.59.0.0   MAIN                                                              04/04/2022 17:27:04 PAGE 2   

  55   2                      case 8:P0=0x7F;break;
  56   2                      case 9:P0=0x6F;break;
  57   2              }
  58   1              switch(Point)
  59   1              {
  60   2                      case 0:P0_7=0;break;
  61   2                      case 1:P0_7=1;break;
  62   2              }
  63   1              //消影
  64   1              delay_ms(1);
  65   1              P0=0x00;
  66   1      }


MODULE INFORMATION:   STATIC OVERLAYABLE
   CODE SIZE        =    250    ----
   CONSTANT SIZE    =   ----    ----
   XDATA SIZE       =   ----    ----
   PDATA SIZE       =   ----    ----
   DATA SIZE        =   ----       3
   IDATA SIZE       =   ----    ----
   BIT SIZE         =   ----    ----
END OF MODULE INFORMATION.


C51 COMPILATION COMPLETE.  0 WARNING(S),  0 ERROR(S)
