C51 COMPILER V9.59.0.0   AT24C02                                                           04/05/2022 22:47:25 PAGE 1   


C51 COMPILER V9.59.0.0, COMPILATION OF MODULE AT24C02
OBJECT MODULE PLACED IN .\Objects\AT24C02.obj
COMPILER INVOKED BY: D:\Keil_v5\C51\BIN\C51.EXE AT24C02.c OPTIMIZE(8,SPEED) BROWSE DEBUG OBJECTEXTEND PRINT(.\Listings\A
                    -T24C02.lst) OBJECT(.\Objects\AT24C02.obj)

line level    source

   1          #include <REGX52.H>
   2          #include "delay.h"//delay_ms()   unsigned charΪu8,
   3          #include "I2C.h"//I2C(iic)通信协议
   4          #include "LCD1602.h"//LCD1602头文件
   5          
   6          #define AT24C02_ADDRESS 0xA0    //1010 000 0
   7          
   8          void AT24C02_WriteByte(unsigned char WordAddress,Data)
   9          {
  10   1              unsigned char a1=5,a2=5,a3=5;
  11   1              I2C_Start();
  12   1              I2C_SendByte(AT24C02_ADDRESS);
  13   1              a1=I2C_ReceiveAck();
  14   1              
  15   1              I2C_SendByte(WordAddress);
  16   1              a2=I2C_ReceiveAck();
  17   1              
  18   1              I2C_SendByte(Data);
  19   1              a3=I2C_ReceiveAck();
  20   1              
  21   1              I2C_Stop();
  22   1              
  23   1              //LCD_ShowNum(1,8,a1,1);
  24   1              //LCD_ShowNum(1,9,a2,1);
  25   1              //LCD_ShowNum(1,10,a3,1);
  26   1      }
  27          
  28          unsigned char AT24C02_ReadByte(unsigned char WordAddress)
  29          {
  30   1              unsigned char Data;
  31   1              I2C_Start();
  32   1              I2C_SendByte(AT24C02_ADDRESS);
  33   1              I2C_ReceiveAck();
  34   1              I2C_SendByte(WordAddress);
  35   1              I2C_ReceiveAck();
  36   1              
  37   1              I2C_Start();
  38   1              I2C_SendByte(AT24C02_ADDRESS|0x01);
  39   1              I2C_ReceiveAck();
  40   1              Data=I2C_ReceiveByte();
  41   1              I2C_SendAck(1);
  42   1              I2C_Stop();
  43   1              return Data;
  44   1      }


MODULE INFORMATION:   STATIC OVERLAYABLE
   CODE SIZE        =     99    ----
   CONSTANT SIZE    =   ----    ----
   XDATA SIZE       =   ----    ----
   PDATA SIZE       =   ----    ----
   DATA SIZE        =   ----       8
   IDATA SIZE       =   ----    ----
   BIT SIZE         =   ----    ----
C51 COMPILER V9.59.0.0   AT24C02                                                           04/05/2022 22:47:25 PAGE 2   

END OF MODULE INFORMATION.


C51 COMPILATION COMPLETE.  0 WARNING(S),  0 ERROR(S)
