C51 COMPILER V9.59.0.0   MAIN                                                              04/05/2022 22:44:24 PAGE 1   


C51 COMPILER V9.59.0.0, COMPILATION OF MODULE MAIN
OBJECT MODULE PLACED IN .\Objects\main.obj
COMPILER INVOKED BY: D:\Keil_v5\C51\BIN\C51.EXE main.c OPTIMIZE(8,SPEED) BROWSE DEBUG OBJECTEXTEND PRINT(.\Listings\main
                    -.lst) OBJECT(.\Objects\main.obj)

line level    source

   1          /*
   2          AT24C02数据存储
   3          */
   4          #include <REGX52.H>//标准头文件
   5          #include "delay.h"//delay_ms()   unsigned char为u8,
   6          #include "key.h"//独立按键头文件
   7          #include "LCD1602.h"//LCD1602头文件
   8          #include "timer.h"//定时器
   9          #include "I2C.h"//I2C(iic)通信协议
  10          #include "AT24C02.h"//AT24C02存储器
  11          
  12          u8 a=156;
  13          
  14          void main()
  15          {
  16   1              LCD_Init();
  17   1              LCD_ShowString(1,1,"Hello");
  18   1              AT24C02_WriteByte(1,15);//向地址(0-255)存入数据6
  19   1              delay_ms(5);
  20   1              a=AT24C02_ReadByte(1);//读取地址1的数据
  21   1              LCD_ShowNum(2,1,a,3);
  22   1              
  23   1              
  24   1              while(1)
  25   1              {
  26   2                      
  27   2              }
  28   1              
  29   1      }
  30          


MODULE INFORMATION:   STATIC OVERLAYABLE
   CODE SIZE        =     53    ----
   CONSTANT SIZE    =      6    ----
   XDATA SIZE       =   ----    ----
   PDATA SIZE       =   ----    ----
   DATA SIZE        =      1    ----
   IDATA SIZE       =   ----    ----
   BIT SIZE         =   ----    ----
END OF MODULE INFORMATION.


C51 COMPILATION COMPLETE.  0 WARNING(S),  0 ERROR(S)
