C51 COMPILER V9.59.0.0   MAIN                                                              04/03/2022 15:28:21 PAGE 1   


C51 COMPILER V9.59.0.0, COMPILATION OF MODULE MAIN
OBJECT MODULE PLACED IN .\Objects\main.obj
COMPILER INVOKED BY: D:\Keil_v5\C51\BIN\C51.EXE main.c OPTIMIZE(8,SPEED) BROWSE DEBUG OBJECTEXTEND PRINT(.\Listings\main
                    -.lst) OBJECT(.\Objects\main.obj)

line level    source

   1          /*
   2          
   3          */
   4          
   5          #include <REGX52.H>//标准头文件
   6          #include "51common.h"//定义unsigned char为u8,延时函数delay_ms()
   7          #include "key.h"//独立按键头文件
   8          #include "LCD1602.h"//LCD1602头文件
   9          
  10          
  11          void main()
  12          {
  13   1              u8 key;
  14   1              LCD_Init();
  15   1              
  16   1              while(1)
  17   1              {
  18   2                      key=MatrixKeyDown();
*** WARNING C206 IN LINE 18 OF main.c: 'MatrixKeyDown': missing function-prototype
  19   2                      if(key!=0){LCD_ShowNum(1,1,key,2);}
  20   2              }
  21   1      }
  22          
  23          
  24          
  25          //void key_scan(void)
  26          //{
  27          //      if(!keyMode){
  28          //              delay_ms(10);
  29          //              while(!keyMode);
  30          //              mode=(mode+1)%4;
  31          //      }
  32          //      
  33          //}
  34          
  35          


MODULE INFORMATION:   STATIC OVERLAYABLE
   CODE SIZE        =     26    ----
   CONSTANT SIZE    =   ----    ----
   XDATA SIZE       =   ----    ----
   PDATA SIZE       =   ----    ----
   DATA SIZE        =   ----       1
   IDATA SIZE       =   ----    ----
   BIT SIZE         =   ----    ----
END OF MODULE INFORMATION.


C51 COMPILATION COMPLETE.  1 WARNING(S),  0 ERROR(S)
