C51 COMPILER V9.59.0.0   MATRIXKEY                                                         04/03/2022 15:27:36 PAGE 1   


C51 COMPILER V9.59.0.0, COMPILATION OF MODULE MATRIXKEY
OBJECT MODULE PLACED IN .\Objects\MatrixKey.obj
COMPILER INVOKED BY: D:\Keil_v5\C51\BIN\C51.EXE MatrixKey.c OPTIMIZE(8,SPEED) BROWSE DEBUG OBJECTEXTEND PRINT(.\Listings
                    -\MatrixKey.lst) OBJECT(.\Objects\MatrixKey.obj)

line level    source

   1          #include <REGX52.H>
   2          #include "51common.h"
   3          #include "MatrixKey.h"
   4          
   5          u8 MatrixKeyDown()
   6          {
   7   1              u8 KeyNumber=0;
   8   1              
   9   1              //扫描第一列
  10   1              P1=0xFF;
  11   1              P1_3=0;
  12   1              if(P1_7==0){delay_ms(20);while(P1_7==0);delay_ms(20);KeyNumber=1;}
  13   1              if(P1_6==0){delay_ms(20);while(P1_6==0);delay_ms(20);KeyNumber=5;}
  14   1              if(P1_5==0){delay_ms(20);while(P1_5==0);delay_ms(20);KeyNumber=9;}
  15   1              if(P1_4==0){delay_ms(20);while(P1_4==0);delay_ms(20);KeyNumber=13;}
  16   1              //扫描第二列
  17   1              P1=0xFF;
  18   1              P1_2=0;
  19   1              if(P1_7==0){delay_ms(20);while(P1_7==0);delay_ms(20);KeyNumber=2;}
  20   1              if(P1_6==0){delay_ms(20);while(P1_6==0);delay_ms(20);KeyNumber=6;}
  21   1              if(P1_5==0){delay_ms(20);while(P1_5==0);delay_ms(20);KeyNumber=10;}
  22   1              if(P1_4==0){delay_ms(20);while(P1_4==0);delay_ms(20);KeyNumber=14;}
  23   1              //扫描第三列
  24   1              P1=0xFF;
  25   1              P1_1=0;
  26   1              if(P1_7==0){delay_ms(20);while(P1_7==0);delay_ms(20);KeyNumber=3;}
  27   1              if(P1_6==0){delay_ms(20);while(P1_6==0);delay_ms(20);KeyNumber=7;}
  28   1              if(P1_5==0){delay_ms(20);while(P1_5==0);delay_ms(20);KeyNumber=11;}
  29   1              if(P1_4==0){delay_ms(20);while(P1_4==0);delay_ms(20);KeyNumber=15;}
  30   1              //扫描第四列
  31   1              P1=0xFF;
  32   1              P1_0=0;
  33   1              if(P1_7==0){delay_ms(20);while(P1_7==0);delay_ms(20);KeyNumber=4;}
  34   1              if(P1_6==0){delay_ms(20);while(P1_6==0);delay_ms(20);KeyNumber=8;}
  35   1              if(P1_5==0){delay_ms(20);while(P1_5==0);delay_ms(20);KeyNumber=12;}
  36   1              if(P1_4==0){delay_ms(20);while(P1_4==0);delay_ms(20);KeyNumber=16;}
  37   1              
  38   1              return KeyNumber;
  39   1      }
  40          
  41          


MODULE INFORMATION:   STATIC OVERLAYABLE
   CODE SIZE        =    519    ----
   CONSTANT SIZE    =   ----    ----
   XDATA SIZE       =   ----    ----
   PDATA SIZE       =   ----    ----
   DATA SIZE        =   ----       1
   IDATA SIZE       =   ----    ----
   BIT SIZE         =   ----    ----
END OF MODULE INFORMATION.


C51 COMPILATION COMPLETE.  0 WARNING(S),  0 ERROR(S)
