C51 COMPILER V9.59.0.0   KEY                                                               04/11/2022 17:03:33 PAGE 1   


C51 COMPILER V9.59.0.0, COMPILATION OF MODULE KEY
OBJECT MODULE PLACED IN .\Objects\key.obj
COMPILER INVOKED BY: D:\Keil_v5\C51\BIN\C51.EXE key.c OPTIMIZE(8,SPEED) BROWSE DEBUG OBJECTEXTEND PRINT(.\Listings\key.l
                    -st) OBJECT(.\Objects\key.obj)

line level    source

   1          #include "key.h"
   2          #include "51common.h"
   3          
   4          u8 KEY_Scan(u8 mode)//按键模式，0为点按，1为长按
   5          {
   6   1              static u8 key_up=1;//按键松开为1
   7   1              if(mode)key_up=1;
   8   1              if(key_up&&(KEY1==0||KEY2==0||KEY3==0||KEY4==0))
   9   1              {
  10   2                      delay_ms(10);
  11   2                      key_up=0;
  12   2                      
  13   2                      if(KEY1==0)return KEY1_PRES;
  14   2                      else if(KEY2==0)return KEY2_PRES;
  15   2                      else if(KEY3==0)return KEY3_PRES;
  16   2                      else if(KEY4==0)return KEY4_PRES;
  17   2                      
  18   2              }else if(KEY1==1&&KEY2==1&&KEY3==1&&KEY4==1) key_up=1;
  19   1              return 0;//无按键按下
  20   1              
  21   1              
  22   1      }
  23          
  24          
  25          
  26          


MODULE INFORMATION:   STATIC OVERLAYABLE
   CODE SIZE        =     78    ----
   CONSTANT SIZE    =   ----    ----
   XDATA SIZE       =   ----    ----
   PDATA SIZE       =   ----    ----
   DATA SIZE        =      1    ----
   IDATA SIZE       =   ----    ----
   BIT SIZE         =   ----    ----
END OF MODULE INFORMATION.


C51 COMPILATION COMPLETE.  0 WARNING(S),  0 ERROR(S)
