C51 COMPILER V9.59.0.0   MAIN                                                              04/11/2022 17:03:33 PAGE 1   


C51 COMPILER V9.59.0.0, COMPILATION OF MODULE MAIN
OBJECT MODULE PLACED IN .\Objects\main.obj
COMPILER INVOKED BY: D:\Keil_v5\C51\BIN\C51.EXE main.c OPTIMIZE(8,SPEED) BROWSE DEBUG OBJECTEXTEND PRINT(.\Listings\main
                    -.lst) OBJECT(.\Objects\main.obj)

line level    source

   1          /*
   2          定时器流水灯示例
   3          */
   4          #include <REGX52.H>//标准头文件
   5          #include "51common.h"//定义unsigned char为u8,延时函数delay_ms()
   6          #include "key.h"//独立按键头文件
   7          #include "LCD1602.h"//LCD1602头文件
   8          #include "timer.h"//定时器
   9          
  10          unsigned char Counter,Compare;
  11          unsigned char key,speed;
  12          
  13          void main()
  14          {
  15   1              Timer0_Init();
  16   1              while(1)
  17   1              {
  18   2                      key=KEY_Scan(0);
  19   2                      if(key==1){
  20   3                              speed++;
  21   3                              speed%=5;
  22   3                              if(speed==0){Compare=0;}
  23   3                              if(speed==1){Compare=25;}
  24   3                              if(speed==2){Compare=50;}
  25   3                              if(speed==3){Compare=75;}
  26   3                              if(speed==3){Compare=100;}
  27   3                      }
  28   2              }
  29   1              
  30   1      }
  31          


MODULE INFORMATION:   STATIC OVERLAYABLE
   CODE SIZE        =     73    ----
   CONSTANT SIZE    =   ----    ----
   XDATA SIZE       =   ----    ----
   PDATA SIZE       =   ----    ----
   DATA SIZE        =      4    ----
   IDATA SIZE       =   ----    ----
   BIT SIZE         =   ----    ----
END OF MODULE INFORMATION.


C51 COMPILATION COMPLETE.  0 WARNING(S),  0 ERROR(S)
