C51 COMPILER V9.59.0.0   TIMER                                                             04/11/2022 17:03:33 PAGE 1   


C51 COMPILER V9.59.0.0, COMPILATION OF MODULE TIMER
OBJECT MODULE PLACED IN .\Objects\timer.obj
COMPILER INVOKED BY: D:\Keil_v5\C51\BIN\C51.EXE timer.c OPTIMIZE(8,SPEED) BROWSE DEBUG OBJECTEXTEND PRINT(.\Listings\tim
                    -er.lst) OBJECT(.\Objects\timer.obj)

line level    source

   1          #include <REGX52.H>
   2          #include "51common.h"
   3          
   4          sbit LED=P2^0;
   5          sbit Motor=P1^0;
   6          
   7          extern unsigned char Counter,Compare;
   8          
   9          void Timer0_Init()
  10          {
  11   1      //      TMOD=0x01;//工作模式
  12   1              TMOD&=0xF0;//工作模式--保留高四位
  13   1              TMOD|=0x01;//工作模式--更新第四位
  14   1              TF0=0;//溢出位，置0
  15   1              TR0=1;//开始工作
  16   1              //定时0.1ms初值
  17   1              TH0=0xFF;
  18   1              TL0=0xA4;
  19   1              //允许T0中断
  20   1              EA=1;ET0=1;
  21   1              //中断优先级
  22   1              PT0=0;
  23   1      }
  24          
  25          
  26          void Timer0_Rountine() interrupt 1
  27          {
  28   1              //定时0.1ms初值
  29   1              TH0=0xFF;
  30   1              TL0=0xA4;
  31   1              Counter++;
  32   1              Counter%=100;
  33   1              if(Counter<Compare)
  34   1              {
  35   2                      LED=0;
  36   2                      Motor=1;
  37   2              }else{
  38   2                      LED=1;
  39   2                      Motor=0;
  40   2              }
  41   1              
  42   1              
  43   1      
  44   1      }


MODULE INFORMATION:   STATIC OVERLAYABLE
   CODE SIZE        =     70    ----
   CONSTANT SIZE    =   ----    ----
   XDATA SIZE       =   ----    ----
   PDATA SIZE       =   ----    ----
   DATA SIZE        =   ----    ----
   IDATA SIZE       =   ----    ----
   BIT SIZE         =   ----    ----
C51 COMPILER V9.59.0.0   TIMER                                                             04/11/2022 17:03:33 PAGE 2   

END OF MODULE INFORMATION.


C51 COMPILATION COMPLETE.  0 WARNING(S),  0 ERROR(S)
