C51 COMPILER V9.59.0.0   MAIN                                                              04/02/2022 21:41:07 PAGE 1   


C51 COMPILER V9.59.0.0, COMPILATION OF MODULE MAIN
OBJECT MODULE PLACED IN .\Objects\main.obj
COMPILER INVOKED BY: D:\Keil_v5\C51\BIN\C51.EXE main.c OPTIMIZE(8,SPEED) BROWSE DEBUG OBJECTEXTEND PRINT(.\Listings\main
                    -.lst) OBJECT(.\Objects\main.obj)

line level    source

   1          #include <REGX52.H>
   2          #include "typedef.h"
   3          #include "delay.h"
   4          
   5          void Nixie(u8 location,Number,Point);
   6          
   7          void main()
   8          {
   9   1              
  10   1              
  11   1              
  12   1              
  13   1              while(1)
  14   1              {
  15   2                      u8 i;
  16   2                      for(i=0;;i++){
  17   3                              Nixie(1,i,1);
  18   3                              delay_ms(500);
  19   3                              if(i==9) i=0;
  20   3                      }
  21   2                      
  22   2              }
  23   1      }
  24          
  25          void Nixie(u8 Location,Number,Point)
  26          {
  27   1              //坐标（1~8，从右到左），数字（0~9），有无点（1为有，0为无）
  28   1              switch(Location)
  29   1              {
  30   2                      case 1:P2_4=0;P2_3=0;P2_2=0;break;
  31   2                      case 2:P2_4=0;P2_3=0;P2_2=1;break;
  32   2                      case 3:P2_4=0;P2_3=1;P2_2=0;break;
  33   2                      case 4:P2_4=0;P2_3=1;P2_2=1;break;
  34   2                      case 5:P2_4=1;P2_3=0;P2_2=0;break;
  35   2                      case 6:P2_4=1;P2_3=0;P2_2=1;break;
  36   2                      case 7:P2_4=1;P2_3=1;P2_2=0;break;
  37   2                      case 8:P2_4=1;P2_3=1;P2_2=1;break;
  38   2              }
  39   1              switch(Number)
  40   1              {
  41   2                      case 0:P0=0x3F;break;
  42   2                      case 1:P0=0x06;break;
  43   2                      case 2:P0=0x5b;break;
  44   2                      case 3:P0=0x4f;break;
  45   2                      case 4:P0=0x66;break;
  46   2                      case 5:P0=0x6D;break;
  47   2                      case 6:P0=0x7D;break;
  48   2                      case 7:P0=0x07;break;
  49   2                      case 8:P0=0x7F;break;
  50   2                      case 9:P0=0x6F;break;
  51   2              }
  52   1              switch(Point)
  53   1              {
  54   2                      case 0:P0_7=0;break;
C51 COMPILER V9.59.0.0   MAIN                                                              04/02/2022 21:41:07 PAGE 2   

  55   2                      case 1:P0_7=1;break;
  56   2              }
  57   1              
  58   1              
  59   1              
  60   1      }


MODULE INFORMATION:   STATIC OVERLAYABLE
   CODE SIZE        =    247    ----
   CONSTANT SIZE    =   ----    ----
   XDATA SIZE       =   ----    ----
   PDATA SIZE       =   ----    ----
   DATA SIZE        =   ----       3
   IDATA SIZE       =   ----    ----
   BIT SIZE         =   ----    ----
END OF MODULE INFORMATION.


C51 COMPILATION COMPLETE.  0 WARNING(S),  0 ERROR(S)
