C51 COMPILER V9.59.0.0   DHT11                                                             04/05/2022 13:35:41 PAGE 1   


C51 COMPILER V9.59.0.0, COMPILATION OF MODULE DHT11
OBJECT MODULE PLACED IN .\Objects\dht11.obj
COMPILER INVOKED BY: D:\Keil_v5\C51\BIN\C51.EXE dht11.c OPTIMIZE(8,SPEED) BROWSE DEBUG OBJECTEXTEND PRINT(.\Listings\dht
                    -11.lst) OBJECT(.\Objects\dht11.obj)

line level    source

   1          #include <REGX52.H>
   2          #include "delay.h"
   3          #include "typedef.h"
   4          #include "dht11.h"
   5          
   6          u8  U8FLAG,k;
   7          u8  U8count,U8temp;
   8          u8  U8T_data_H,U8T_data_L,U8RH_data_H,U8RH_data_L,U8checkdata;
   9          u8  U8T_data_H_temp,U8T_data_L_temp,U8RH_data_H_temp,U8RH_data_L_temp,U8checkdata_temp;
  10          u8  U8comdata;
  11          u8  count, count_r=0;
  12          
  13          void  COM(void)
  14          {
  15   1          unsigned char i;
  16   1          for(i=0;i<8;i++)       
  17   1          {
  18   2                  U8FLAG=2;
  19   2                      while((!DATA)&&U8FLAG++);
  20   2                      Delay_10us();
  21   2                      Delay_10us();
  22   2                      Delay_10us();
  23   2                      U8temp=0;
  24   2              if(DATA)U8temp=1;
  25   2                          U8FLAG=2;
  26   2                      while((DATA)&&U8FLAG++);
  27   2                      //超时则跳出for循环               
  28   2                      if(U8FLAG==1)break;
  29   2                      //判断数据位是0还是1     
  30   2                         
  31   2                      // 如果高电平高过预定0高电平值则数据位为 1 
  32   2                       
  33   2                      U8comdata<<=1;
  34   2                      U8comdata|=U8temp;     
  35   2          }//rof
  36   1      }
  37          
  38          //--------------------------------
  39          //-----温湿度读取子程序 ------------
  40          //--------------------------------
  41          //----以下变量均为全局变量--------
  42          //----温度高8位== U8T_data_H------
  43          //----温度低8位== U8T_data_L------
  44          //----湿度高8位== U8RH_data_H-----
  45          //----湿度低8位== U8RH_data_L-----
  46          //----校验 8位 == U8checkdata-----
  47          //----调用相关子程序如下----------
  48          //---- Delay();, Delay_10us();COM(); 
  49          //--------------------------------
  50          u8 DHT11_Start(void)
  51          {
  52   1              //主机拉低18ms 
  53   1          DATA=0;
  54   1              delay_ms(18);  //延时18毫秒
C51 COMPILER V9.59.0.0   DHT11                                                             04/05/2022 13:35:41 PAGE 2   

  55   1              DATA=1;
  56   1              //总线由上拉电阻拉高 主机延时40us
  57   1              Delay_10us();
  58   1              Delay_10us();
  59   1              Delay_10us();
  60   1              Delay_10us();
  61   1              //主机设为输入 判断从机响应信号 
  62   1              DATA=1;
  63   1              //判断从机是否有低电平响应信号 如不响应则跳出，响应则向下运行     
  64   1              if(!DATA)                //T !    
  65   1              {
  66   2                  U8FLAG=2;
  67   2                  //判断从机是否发出 80us 的低电平响应信号是否结束     
  68   2                  while((!DATA)&&U8FLAG++);
  69   2                  U8FLAG=2;
  70   2                  //判断从机是否发出 80us 的高电平，如发出则进入数据接收状态
  71   2                  while((DATA)&&U8FLAG++);
  72   2                  //数据接收状态               
  73   2                  COM();
  74   2                  U8RH_data_H_temp=U8comdata;
  75   2                  COM();
  76   2                  U8RH_data_L_temp=U8comdata;
  77   2                  COM();
  78   2                  U8T_data_H_temp=U8comdata;
  79   2                  COM();
  80   2                  U8T_data_L_temp=U8comdata;
  81   2                  COM();
  82   2                  U8checkdata_temp=U8comdata;
  83   2                  DATA=1;
  84   2                  //数据校验 
  85   2                  U8temp=(U8T_data_H_temp+U8T_data_L_temp+U8RH_data_H_temp+U8RH_data_L_temp);
  86   2                  if(U8temp==U8checkdata_temp)
  87   2                  {
  88   3                         U8RH_data_H=U8RH_data_H_temp;//湿度整数数
  89   3                         U8RH_data_L=U8RH_data_L_temp;//湿度小数
  90   3                         U8T_data_H=U8T_data_H_temp;//温度整数
  91   3                         U8T_data_L=U8T_data_L_temp;//温度小数
  92   3                         U8checkdata=U8checkdata_temp;//校验
  93   3                  }//fi
  94   2                      return 1;
  95   2              }//fi
  96   1              else   //传感器不响应
  97   1              {
  98   2                 return 0;
  99   2              }
 100   1              
 101   1      }
 102          
 103          


MODULE INFORMATION:   STATIC OVERLAYABLE
   CODE SIZE        =    203    ----
   CONSTANT SIZE    =   ----    ----
   XDATA SIZE       =   ----    ----
   PDATA SIZE       =   ----    ----
   DATA SIZE        =     17       1
   IDATA SIZE       =   ----    ----
   BIT SIZE         =   ----    ----
END OF MODULE INFORMATION.


C51 COMPILATION COMPLETE.  0 WARNING(S),  0 ERROR(S)
