C51 COMPILER V9.59.0.0   MAIN                                                              04/02/2022 11:21:55 PAGE 1   


C51 COMPILER V9.59.0.0, COMPILATION OF MODULE MAIN
OBJECT MODULE PLACED IN .\Objects\main.obj
COMPILER INVOKED BY: D:\Keil_v5\C51\BIN\C51.EXE main.c OPTIMIZE(8,SPEED) BROWSE DEBUG OBJECTEXTEND PRINT(.\Listings\main
                    -.lst) OBJECT(.\Objects\main.obj)

line level    source

   1          #include <REGX52.H>
   2          #include <INTRINS.H>
   3          
   4          typedef unsigned char u8;
   5          
   6          void delay_ms(unsigned long int ms);            //@12.000MHz
   7          
   8          
   9          void main()
  10          {
  11   1              u8 LEDNum=0;
  12   1              while(1)
  13   1              {
  14   2                      if(P3_1==0){
  15   3                              delay_ms(20);
  16   3                              while(P3_1==0)
  17   3                              {
  18   4                              delay_ms(20);
  19   4                              //P2¸´Î»Öµ1111 1111
  20   4                              P2=~++LEDNum;
  21   4                              }
  22   3                              
  23   3                      }
  24   2              }
  25   1      }
  26          
  27          void delay_ms(unsigned long int ms)             //@12.000MHz
  28          {
  29   1              unsigned char i, j;
  30   1          while(ms--)
  31   1              {
  32   2                      i = 2;
  33   2                      j = 239;
  34   2                      do
  35   2                      {
  36   3                              while (--j);
  37   3                      } while (--i);
  38   2          }
  39   1      }


MODULE INFORMATION:   STATIC OVERLAYABLE
   CODE SIZE        =     64    ----
   CONSTANT SIZE    =   ----    ----
   XDATA SIZE       =   ----    ----
   PDATA SIZE       =   ----    ----
   DATA SIZE        =   ----       5
   IDATA SIZE       =   ----    ----
   BIT SIZE         =   ----    ----
END OF MODULE INFORMATION.


C51 COMPILATION COMPLETE.  0 WARNING(S),  0 ERROR(S)
