C51 COMPILER V9.59.0.0   TIMER                                                             04/04/2022 17:23:34 PAGE 1   


C51 COMPILER V9.59.0.0, COMPILATION OF MODULE TIMER
OBJECT MODULE PLACED IN .\Objects\timer.obj
COMPILER INVOKED BY: D:\Keil_v5\C51\BIN\C51.EXE timer.c OPTIMIZE(8,SPEED) BROWSE DEBUG OBJECTEXTEND PRINT(.\Listings\tim
                    -er.lst) OBJECT(.\Objects\timer.obj)

line level    source

   1          #include <REGX52.H>
   2          #include "delay.h"//delay_ms()   unsigned char为u8,
   3          
   4          void Timer0_Init()
   5          {
   6   1      //      TMOD=0x01;//工作模式
   7   1              TMOD&=0xF0;//工作模式
   8   1              TMOD|=0x01;//工作模式
   9   1              TF0=0;//溢出位，置0
  10   1              TR0=1;//开始工作
  11   1              //定时1ms初值
  12   1              TH0=64535/256;
  13   1              TL0=64535%256;
  14   1              //允许T0中断
  15   1              EA=1;ET0=1;
  16   1              //中断优先级
  17   1              PT0=0;
  18   1      }
  19          
  20          u16 T0count;
  21          void Timer0_Rountine() interrupt 1
  22          {
  23   1              //定时1ms初值
  24   1              TH0=64535/256;
  25   1              TL0=64535%256;
  26   1              T0count++;
  27   1              if(T0count>=1000)
  28   1              {
  29   2                      T0count=0;
  30   2                      P2=~P2;
  31   2              }
  32   1              
  33   1      
  34   1      }


MODULE INFORMATION:   STATIC OVERLAYABLE
   CODE SIZE        =     64    ----
   CONSTANT SIZE    =   ----    ----
   XDATA SIZE       =   ----    ----
   PDATA SIZE       =   ----    ----
   DATA SIZE        =      2    ----
   IDATA SIZE       =   ----    ----
   BIT SIZE         =   ----    ----
END OF MODULE INFORMATION.


C51 COMPILATION COMPLETE.  0 WARNING(S),  0 ERROR(S)
