C51 COMPILER V9.59.0.0   MAIN                                                              04/17/2022 12:06:04 PAGE 1   


C51 COMPILER V9.59.0.0, COMPILATION OF MODULE MAIN
OBJECT MODULE PLACED IN .\Objects\main.obj
COMPILER INVOKED BY: D:\Keil_v5\C51\BIN\C51.EXE main.c OPTIMIZE(8,SPEED) BROWSE DEBUG OBJECTEXTEND PRINT(.\Listings\main
                    -.lst) OBJECT(.\Objects\main.obj)

line level    source

   1          /*
   2          串口向电脑发送数据
   3          UART(Universal Asynchronous Receiver Transmitter)
   4          TXD(transmit exchange data)
   5          RXD(receive exchange data)
   6          串口常用电平标准
   7          TTL电平：+5V表示1，0V表示0
   8          RS232电平：-3~-15V表示1，+3~+15V表示0
   9          RS485电平：两线压差+2~+6V表示1，-2V~-6V表示0
  10          
  11          */
  12          #include <REGX52.H>
  13          #include <delay.h>
  14          #include <key.h>
  15          
  16          unsigned char sec;
  17          
  18          void Uart_Init(void)            //9600bps@11.0592MHz
  19          {
  20   1              
  21   1              SCON=0x40;
  22   1              PCON|=0x00;
  23   1              TMOD &= 0x0F;           //清除定时器1模式位
  24   1              TMOD |= 0x20;           //设定定时器1为8位自动重装方式
  25   1              TL1 = 0xFD;             //设定定时初值
  26   1              TH1 = 0xFD;             //设定定时器重装值
  27   1              ET1 = 0;                //禁止定时器1中断
  28   1              TR1 = 1;                //启动定时器1
  29   1              
  30   1      }
  31          void UART_SendByte(unsigned char Byte)
  32          {
  33   1              SBUF=Byte;
  34   1              while(TI==0);
  35   1              TI=0;
  36   1              
  37   1      }
  38          
  39          void main()
  40          {
  41   1              Uart_Init();
  42   1              
  43   1              while(1)
  44   1              {
  45   2                      UART_SendByte(sec++);
  46   2                      P2=0xf0;delay_ms(500);
  47   2                      P2=0x0f;delay_ms(500);
  48   2              }
  49   1      }
  50          


MODULE INFORMATION:   STATIC OVERLAYABLE
   CODE SIZE        =     68    ----
C51 COMPILER V9.59.0.0   MAIN                                                              04/17/2022 12:06:04 PAGE 2   

   CONSTANT SIZE    =   ----    ----
   XDATA SIZE       =   ----    ----
   PDATA SIZE       =   ----    ----
   DATA SIZE        =      1    ----
   IDATA SIZE       =   ----    ----
   BIT SIZE         =   ----    ----
END OF MODULE INFORMATION.


C51 COMPILATION COMPLETE.  0 WARNING(S),  0 ERROR(S)
