C51 COMPILER V9.59.0.0   MAIN                                                              04/02/2022 12:00:13 PAGE 1   


C51 COMPILER V9.59.0.0, COMPILATION OF MODULE MAIN
OBJECT MODULE PLACED IN .\Objects\main.obj
COMPILER INVOKED BY: D:\Keil_v5\C51\BIN\C51.EXE main.c OPTIMIZE(8,SPEED) BROWSE DEBUG OBJECTEXTEND PRINT(.\Listings\main
                    -.lst) OBJECT(.\Objects\main.obj)

line level    source

   1          #include <REGX52.H>
   2          #include <INTRINS.H>
   3          
   4          typedef unsigned char u8;
   5          
   6          void delay_ms(unsigned long int ms);            //@12.000MHz
   7          
   8          
   9          void main()
  10          {
  11   1              u8 LEDNum=0xff;
  12   1              while(1)
  13   1              {
  14   2                      if(P3_1==0){
  15   3                              delay_ms(10);
  16   3                              while(P3_1==0);
  17   3                              delay_ms(10);
  18   3                              
  19   3                              LEDNum++;
  20   3                              if(LEDNum>=8)LEDNum=0;
  21   3                              P2=~(0x01<<LEDNum);
  22   3                              
  23   3                      }
  24   2                      if(P3_0==0){
  25   3                              delay_ms(10);
  26   3                              while(P3_1==0);
  27   3                              delay_ms(10);
  28   3                              
  29   3                              if(LEDNum==0) LEDNum=7;
  30   3                              else LEDNum--;
  31   3                              
  32   3                              P2=~(0x01<<LEDNum);
  33   3                              
  34   3                      }
  35   2                      
  36   2                      
  37   2              }
  38   1      }
  39          
  40          
  41          void delay_ms(unsigned long int ms)             //@12.000MHz
  42          {
  43   1              unsigned char i, j;
  44   1          while(ms--)
  45   1              {
  46   2                      i = 2;
  47   2                      j = 239;
  48   2                      do
  49   2                      {
  50   3                              while (--j);
  51   3                      } while (--i);
  52   2          }
  53   1      }

C51 COMPILER V9.59.0.0   MAIN                                                              04/02/2022 12:00:13 PAGE 2   


MODULE INFORMATION:   STATIC OVERLAYABLE
   CODE SIZE        =    128    ----
   CONSTANT SIZE    =   ----    ----
   XDATA SIZE       =   ----    ----
   PDATA SIZE       =   ----    ----
   DATA SIZE        =   ----       5
   IDATA SIZE       =   ----    ----
   BIT SIZE         =   ----    ----
END OF MODULE INFORMATION.


C51 COMPILATION COMPLETE.  0 WARNING(S),  0 ERROR(S)
