C51 COMPILER V9.59.0.0   MAIN                                                              04/05/2022 23:00:56 PAGE 1   


C51 COMPILER V9.59.0.0, COMPILATION OF MODULE MAIN
OBJECT MODULE PLACED IN .\Objects\main.obj
COMPILER INVOKED BY: D:\Keil_v5\C51\BIN\C51.EXE main.c OPTIMIZE(8,SPEED) BROWSE DEBUG OBJECTEXTEND PRINT(.\Listings\main
                    -.lst) OBJECT(.\Objects\main.obj)

line level    source

   1          /*
   2          DS18B20温度读取
   3          */
   4          #include <REGX52.H>//标准头文件
   5          #include "delay.h"//delay_ms()   unsigned char为u8,
   6          #include "key.h"//独立按键头文件
   7          #include "LCD1602.h"//LCD1602头文件
   8          #include "timer.h"//定时器
   9          #include "OneWire.h"//单总线1-wire协议
  10          #include "DS18B20.h"//DS18B20
  11          #include "AT24C02.h"//AT24C02
  12          
  13          f32 T,TShow;//温度值
  14          char TLow,THigh;//温度极限值
  15          u8 KeyNum=0;
  16          
  17          void main()
  18          {
  19   1              THigh=AT24C02_ReadByte(0);
  20   1              TLow=AT24C02_ReadByte(1);
  21   1              if(THigh>125 || TLow<-55 || THigh==TLow){
  22   2                      THigh=25;
  23   2                      TLow=15;
  24   2              }
  25   1              LCD_Init();
  26   1              LCD_ShowString(1,1,"T:");
  27   1              LCD_ShowString(2,1,"TH:");
  28   1              LCD_ShowString(2,9,"TL:");
  29   1              LCD_ShowSignedNum(2,4,THigh,3);
  30   1              LCD_ShowSignedNum(2,12,TLow,3);
  31   1              
  32   1              DS18B20_ConvertT();
  33   1              delay_ms(1000);
  34   1              
  35   1              while(1)
  36   1              {
  37   2                      KeyNum=KEY_Scan(1);
  38   2                      /*温度读取及显示*/
  39   2                      DS18B20_ConvertT();
  40   2                      T=DS18B20_ReadT();
  41   2                      if(T<0){
  42   3                              LCD_ShowChar(1,3,'-');
  43   3                              TShow=-T;
  44   3                      }else{
  45   3                              LCD_ShowChar(1,3,'+');
  46   3                              TShow=T;
  47   3                      }
  48   2                      LCD_ShowNum(1,4,TShow,3);
  49   2                      LCD_ShowChar(1,7,'.');
  50   2                      LCD_ShowNum(1,8,(u32)(TShow*10000)%10000,4);
  51   2                      
  52   2                      /*阈值判断及显示*/
  53   2                      if(KeyNum){
  54   3                              if(KeyNum==1){
C51 COMPILER V9.59.0.0   MAIN                                                              04/05/2022 23:00:56 PAGE 2   

  55   4                                      THigh++;
  56   4                                      if(THigh>125){THigh=125;}
  57   4                              }
  58   3                              if(KeyNum==2){
  59   4                                      THigh--;
  60   4                                      if(THigh<=TLow){THigh++;}
  61   4                              }
  62   3                              if(KeyNum==3){
  63   4                                      TLow++;
  64   4                                      if(TLow>=THigh){TLow--;}
  65   4                              }
  66   3                              if(KeyNum==4){
  67   4                                      TLow--;
  68   4                                      if(TLow<-55){TLow=-55;}
  69   4                              }
  70   3                              LCD_ShowSignedNum(2,4,THigh,3);
  71   3                              LCD_ShowSignedNum(2,12,TLow,3);
  72   3                              AT24C02_WriteByte(0,THigh);
  73   3                              delay_ms(5);
  74   3                              AT24C02_WriteByte(1,TLow);
  75   3                              delay_ms(5);
  76   3                      }
  77   2                      if(T>THigh){
  78   3                              LCD_ShowString(1,13,"OV:H");
  79   3                      }else if(T<TLow){
  80   3                              LCD_ShowString(1,13,"OV:L");
  81   3                      }else{
  82   3                              LCD_ShowString(1,13,"    ");
  83   3                      }
  84   2                      
  85   2                      
  86   2              }
  87   1              
  88   1      }
  89          


MODULE INFORMATION:   STATIC OVERLAYABLE
   CODE SIZE        =    571    ----
   CONSTANT SIZE    =     26    ----
   XDATA SIZE       =   ----    ----
   PDATA SIZE       =   ----    ----
   DATA SIZE        =     11    ----
   IDATA SIZE       =   ----    ----
   BIT SIZE         =   ----    ----
END OF MODULE INFORMATION.


C51 COMPILATION COMPLETE.  0 WARNING(S),  0 ERROR(S)
