C51 COMPILER V9.59.0.0   ONEWIRE                                                           04/05/2022 21:15:56 PAGE 1   


C51 COMPILER V9.59.0.0, COMPILATION OF MODULE ONEWIRE
OBJECT MODULE PLACED IN .\Objects\OneWire.obj
COMPILER INVOKED BY: D:\Keil_v5\C51\BIN\C51.EXE OneWire.c OPTIMIZE(8,SPEED) BROWSE DEBUG OBJECTEXTEND PRINT(.\Listings\O
                    -neWire.lst) OBJECT(.\Objects\OneWire.obj)

line level    source

   1          #include <REGX52.H>//标准头文件
   2          #include "delay.h"//delay_ms()   unsigned char为u8,
   3          #include "LCD1602.h"//LCD1602头文件
   4          #include <INTRINS.H>//要用_nop_();
   5          //晶振11.0592MHz
   6          sbit OneWire_DQ=P3^7;
   7          
   8          unsigned char OneWire_Init(void)
   9          {
  10   1              unsigned char i;
  11   1              unsigned char AckBit;
  12   1              OneWire_DQ=1;
  13   1              OneWire_DQ=0;
  14   1              
  15   1              _nop_();i = 247;while (--i);//延时500us
  16   1              OneWire_DQ=1;//释放
  17   1              _nop_();i = 29;while (--i);//延时70us
  18   1              AckBit=OneWire_DQ;//读取从机的响应值（低电平）
  19   1              _nop_();i = 247;while (--i);//延时500us
  20   1              
  21   1              return AckBit;
  22   1      }
  23          
  24          void OneWire_SendBit(unsigned char Bit)
  25          {
  26   1              unsigned char i;
  27   1              OneWire_DQ=0;
  28   1              i = 4;while (--i);//延时10us
  29   1              OneWire_DQ=Bit;
  30   1              _nop_();i = 22;while (--i);//延时50us
  31   1              OneWire_DQ=1;
  32   1              
  33   1      }
  34          
  35          unsigned char OneWire_ReceiveBit(void)
  36          {
  37   1              unsigned char i;
  38   1              unsigned char Bit;
  39   1              OneWire_DQ=1;
  40   1              OneWire_DQ=0;
  41   1              i = 2;while (--i);//延时5us
  42   1              OneWire_DQ=1;
  43   1              i = 2;while (--i);//延时5us
  44   1              Bit=OneWire_DQ;
  45   1              _nop_();i = 22;while (--i);//延时50us
  46   1              
  47   1              return Bit;
  48   1      }
  49          
  50          void OneWire_SendByte(unsigned char Byte)
  51          {
  52   1              unsigned char i;
  53   1              
  54   1              for(i=0;i<8;i++){
C51 COMPILER V9.59.0.0   ONEWIRE                                                           04/05/2022 21:15:56 PAGE 2   

  55   2                      OneWire_SendBit(Byte&0x01<<i);
  56   2              }
  57   1              
  58   1      }
  59          
  60          unsigned char OneWire_ReceiveByte(void)
  61          {
  62   1              unsigned char i;
  63   1              unsigned char Byte=0x00;
  64   1              for(i=0;i<8;i++){
  65   2                      if(OneWire_ReceiveBit()){Byte|=(0x01<<i);}
  66   2              }
  67   1              return Byte;
  68   1      }


MODULE INFORMATION:   STATIC OVERLAYABLE
   CODE SIZE        =    147    ----
   CONSTANT SIZE    =   ----    ----
   XDATA SIZE       =   ----    ----
   PDATA SIZE       =   ----    ----
   DATA SIZE        =   ----    ----
   IDATA SIZE       =   ----    ----
   BIT SIZE         =   ----    ----
END OF MODULE INFORMATION.


C51 COMPILATION COMPLETE.  0 WARNING(S),  0 ERROR(S)
