C51 COMPILER V9.59.0.0   I2C                                                               04/06/2022 12:56:04 PAGE 1   


C51 COMPILER V9.59.0.0, COMPILATION OF MODULE I2C
OBJECT MODULE PLACED IN .\Objects\I2C.obj
COMPILER INVOKED BY: D:\Keil_v5\C51\BIN\C51.EXE I2C.c OPTIMIZE(8,SPEED) BROWSE DEBUG OBJECTEXTEND PRINT(.\Listings\I2C.l
                    -st) OBJECT(.\Objects\I2C.obj)

line level    source

   1          #include <REGX52.H>
   2          #include "delay.h"//delay_ms()   unsigned char为u8,
   3          
   4          sbit I2C_SCL=P2^1;
   5          sbit I2C_SDA=P2^0;
   6          
   7          /**
   8            * @brief I2C开始
   9            * @param 无
  10            * @retvalf 无
  11            */
  12          void I2C_Start()
  13          {
  14   1              I2C_SDA=1;
  15   1              I2C_SCL=1;
  16   1              I2C_SDA=0;//SDA 1->0跳变
  17   1              I2C_SCL=0;
  18   1      }
  19          /**
  20            * @brief I2C停止
  21            * @param 无
  22            * @retvalf 无
  23            */
  24          void I2C_Stop()
  25          {
  26   1              I2C_SDA=0;
  27   1              I2C_SCL=1;
  28   1              I2C_SDA=1;//SDA 0->1跳变
  29   1      }
  30          /**
  31            * @brief I2C发送一个字节
  32            * @param 无
  33            * @retvalf 无
  34            */
  35          void I2C_SendByte(unsigned char Byte)
  36          {
  37   1              unsigned char i;
  38   1              for(i=0;i<8;i++)
  39   1              {
  40   2                      I2C_SDA=Byte&(0x80>>i);
  41   2                      I2C_SCL=1;
  42   2                      I2C_SCL=0;
  43   2              }
  44   1      
  45   1      }
  46          /**
  47            * @brief I2C接收一个字节
  48            * @param 无
  49            * @retvalf 接收到一个字节数据
  50            */
  51          unsigned char I2C_ReceiveByte()
  52          {
  53   1              unsigned char i,Byte=0x00;
  54   1              I2C_SDA=1;
C51 COMPILER V9.59.0.0   I2C                                                               04/06/2022 12:56:04 PAGE 2   

  55   1              for(i=0;i<8;i++){
  56   2                      I2C_SCL=1;
  57   2                      if(I2C_SDA){Byte|=(0x80>>i);}
  58   2                      I2C_SCL=0;
  59   2              }
  60   1              
  61   1              return Byte;
  62   1      }
  63          /**
  64            * @brief I2C发送应答
  65            * @param AckBit 应答位，0为应答，1为非应答
  66            * @retvalf 无
  67            */
  68          void I2C_SendAck(unsigned char AckBit)
  69          {
  70   1              I2C_SDA=AckBit;
  71   1              I2C_SCL=1;
  72   1              I2C_SCL=0;
  73   1      }
  74          /**
  75            * @brief I2C接收应答位
  76            * @param 无
  77            * @retvalf 接收到的应答位，0为应答，1为非应答
  78            */
  79          unsigned char I2C_ReceiveAck()
  80          {
  81   1              unsigned char AckBit;
  82   1              I2C_SDA=1;//释放
  83   1              I2C_SCL=1;
  84   1              AckBit=I2C_SDA;
  85   1              I2C_SCL=0;
  86   1              return AckBit;
  87   1      }


MODULE INFORMATION:   STATIC OVERLAYABLE
   CODE SIZE        =    127    ----
   CONSTANT SIZE    =   ----    ----
   XDATA SIZE       =   ----    ----
   PDATA SIZE       =   ----    ----
   DATA SIZE        =   ----    ----
   IDATA SIZE       =   ----    ----
   BIT SIZE         =   ----    ----
END OF MODULE INFORMATION.


C51 COMPILATION COMPLETE.  0 WARNING(S),  0 ERROR(S)
