C51 COMPILER V9.59.0.0   MAIN                                                              04/06/2022 14:22:19 PAGE 1   


C51 COMPILER V9.59.0.0, COMPILATION OF MODULE MAIN
OBJECT MODULE PLACED IN .\Objects\main.obj
COMPILER INVOKED BY: D:\Keil_v5\C51\BIN\C51.EXE main.c OPTIMIZE(8,SPEED) BROWSE DEBUG OBJECTEXTEND PRINT(.\Listings\main
                    -.lst) OBJECT(.\Objects\main.obj)

line level    source

   1          /*
   2          DS18B20温度读取
   3          */
   4          #include <REGX52.H>//标准头文件
   5          #include "delay.h"//delay_ms()   unsigned char为u8,
   6          #include "key.h"//独立按键头文件
   7          #include "LCD1602.h"//LCD1602头文件
   8          //#include "timer.h"//定时器
   9          #include "OneWire.h"//单总线1-wire协议
  10          ///#include "sht31.h"//sht31
  11          
  12          u8 par;
  13          u16 TH,TL,HH,HL;
  14          u16 T,H;
  15          u16 a;
  16          void main()
  17          {
  18   1      
  19   1              
  20   1              LCD_Init();
  21   1              //LCD_ShowString(1,1,"Hello");
  22   1              
  23   1              delay_ms(2000);
  24   1              
  25   1              while(1)
  26   1              {
  27   2                      a=OneWire_Init();
  28   2                      LCD_ShowNum(2,1,a,16);
  29   2                      
  30   2                      
  31   2                      
  32   2                      delay_ms(2000);
  33   2                      
  34   2                      
  35   2                      
  36   2      //              a=OneWire_Init();
  37   2      //              TH=OneWire_ReceiveByte();
  38   2      //              TL=OneWire_ReceiveByte();
  39   2      //              HH=OneWire_ReceiveByte();
  40   2      //              HL=OneWire_ReceiveByte();
  41   2      //              par=OneWire_ReceiveByte();
  42   2      //              T=((TH<<8)|TL)&0x7F;
  43   2      //              H=(HH<<8)|HL;
  44   2                      
  45   2      //              T=OneWire_Receive2Byte();
  46   2      //              H=OneWire_Receive2Byte();
  47   2      //              par=OneWire_ReceiveByte();
  48   2      //              LCD_ShowBinNum(1,1,TH<<8,16);
  49   2      //              LCD_ShowBinNum(2,1,TL,16);
  50   2      //              LCD_ShowBinNum(1,1,TH<<8,16);
  51   2      //              LCD_ShowBinNum(2,1,TL,16);
  52   2      //              delay_ms(1000);
  53   2      //              LCD_ShowNum(1,1,T,16);
  54   2      //              LCD_ShowNum(2,1,par,16);
C51 COMPILER V9.59.0.0   MAIN                                                              04/06/2022 14:22:19 PAGE 2   

  55   2      //              delay_ms(1000);
  56   2                      
  57   2              }
  58   1              
  59   1      }
  60          


MODULE INFORMATION:   STATIC OVERLAYABLE
   CODE SIZE        =     49    ----
   CONSTANT SIZE    =   ----    ----
   XDATA SIZE       =   ----    ----
   PDATA SIZE       =   ----    ----
   DATA SIZE        =     15    ----
   IDATA SIZE       =   ----    ----
   BIT SIZE         =   ----    ----
END OF MODULE INFORMATION.


C51 COMPILATION COMPLETE.  0 WARNING(S),  0 ERROR(S)
