C51 COMPILER V9.59.0.0   ONEWIRE                                                           04/06/2022 14:20:49 PAGE 1   


C51 COMPILER V9.59.0.0, COMPILATION OF MODULE ONEWIRE
OBJECT MODULE PLACED IN .\Objects\OneWire.obj
COMPILER INVOKED BY: D:\Keil_v5\C51\BIN\C51.EXE OneWire.c OPTIMIZE(8,SPEED) BROWSE DEBUG OBJECTEXTEND PRINT(.\Listings\O
                    -neWire.lst) OBJECT(.\Objects\OneWire.obj)

line level    source

   1          #include <REGX52.H>//标准头文件
   2          #include "delay.h"//delay_ms()   unsigned char为u8,
   3          #include "LCD1602.h"//LCD1602头文件
   4          #include <INTRINS.H>//要用_nop_();
   5          //晶振11.0592MHz
   6          //AM2301
   7          sbit OneWire_DATA=P1^3;
   8          
   9          unsigned char OneWire_Init(void)
  10          {
  11   1              unsigned char i,j;
  12   1              unsigned char AckBit,AckBit1,AckBit2;
  13   1      //      OneWire_DATA=1;
  14   1              //MCU发送开始信号
  15   1              OneWire_DATA=0;
  16   1              delay_ms(1);
  17   1              OneWire_DATA=1;//释放
  18   1              i = 9;while (--i);//延时20us
  19   1              //传感器响应
  20   1              i = 18;while (--i);//延时40us
  21   1              AckBit1=OneWire_DATA;//读取从机的响应值（低电平）
  22   1              _nop_();i = 36;while (--i);//延时80us
  23   1              AckBit2=OneWire_DATA;//读取从机的响应值（高电平）
  24   1              i = 18;while (--i);//延时40us
  25   1              OneWire_DATA=1;
  26   1              AckBit=(!AckBit1)&AckBit2;//两次都接收到从机响应信号则为1，否则为0
  27   1              
  28   1              return AckBit;
  29   1      }
*** WARNING C280 IN LINE 11 OF OneWire.c: 'j': unreferenced local variable
  30          
  31          void OneWire_SendBit(unsigned char Bit)
  32          {
  33   1              unsigned char i;
  34   1              OneWire_DATA=0;
  35   1              i = 4;while (--i);//延时10us
  36   1              OneWire_DATA=Bit;
  37   1              _nop_();i = 22;while (--i);//延时50us
  38   1              OneWire_DATA=1;
  39   1              
  40   1      }
  41          
  42          unsigned char OneWire_ReceiveBit(void)
  43          {
  44   1              unsigned char i;
  45   1              unsigned char Bit;
  46   1              OneWire_DATA=1;
  47   1              OneWire_DATA=0;
  48   1              i = 2;while (--i);//延时5us
  49   1              OneWire_DATA=1;
  50   1              i = 2;while (--i);//延时5us
  51   1              Bit=OneWire_DATA;
  52   1              _nop_();i = 22;while (--i);//延时50us
  53   1              
C51 COMPILER V9.59.0.0   ONEWIRE                                                           04/06/2022 14:20:49 PAGE 2   

  54   1              return Bit;
  55   1      }
  56          
  57          void OneWire_SendByte(unsigned char Byte)
  58          {
  59   1              unsigned char i;
  60   1              
  61   1              for(i=0;i<8;i++){
  62   2                      OneWire_SendBit(Byte&0x80>>i);
  63   2              }
  64   1              
  65   1      }
  66          
  67          unsigned char OneWire_Receive2Byte(void)
  68          {
  69   1              unsigned char i;
  70   1              unsigned int Byte=0x0000;
  71   1              for(i=0;i<16;i++){
  72   2                      if(OneWire_ReceiveBit()){Byte|=(0x8000>>i);}
  73   2              }
  74   1              return Byte;
  75   1      }
  76          
  77          unsigned char OneWire_ReceiveByte(void)
  78          {
  79   1              unsigned char i;
  80   1              unsigned char Byte=0x00;
  81   1              for(i=0;i<8;i++){
  82   2                      if(OneWire_ReceiveBit()){Byte|=(0x80>>i);}
  83   2              }
  84   1              return Byte;
  85   1      }


MODULE INFORMATION:   STATIC OVERLAYABLE
   CODE SIZE        =    221    ----
   CONSTANT SIZE    =   ----    ----
   XDATA SIZE       =   ----    ----
   PDATA SIZE       =   ----    ----
   DATA SIZE        =   ----       1
   IDATA SIZE       =   ----    ----
   BIT SIZE         =   ----    ----
END OF MODULE INFORMATION.


C51 COMPILATION COMPLETE.  1 WARNING(S),  0 ERROR(S)
