C51 COMPILER V9.59.0.0   51COMMON                                                          04/27/2022 16:26:59 PAGE 1   


C51 COMPILER V9.59.0.0, COMPILATION OF MODULE 51COMMON
OBJECT MODULE PLACED IN .\Objects\51common.obj
COMPILER INVOKED BY: D:\Keil_v5\C51\BIN\C51.EXE 51common.c OPTIMIZE(8,SPEED) BROWSE DEBUG OBJECTEXTEND PRINT(.\Listings\
                    -51common.lst) OBJECT(.\Objects\51common.obj)

line level    source

   1          #include <REGX52.H>
   2          #include "51common.h"
   3          #include <INTRINS.H>//ÒªÓÃ_nop_();
   4          
   5          void delay_ms(unsigned char ms)
   6          {
   7   1              unsigned char i, j;
   8   1              
   9   1              while(ms--){
  10   2                      i = 2;
  11   2                      j = 239;
  12   2                      do
  13   2                      {
  14   3                              while (--j);
  15   3                      } while (--i);
  16   2              }
  17   1      }
  18          
  19          
  20          
  21          


MODULE INFORMATION:   STATIC OVERLAYABLE
   CODE SIZE        =     17    ----
   CONSTANT SIZE    =   ----    ----
   XDATA SIZE       =   ----    ----
   PDATA SIZE       =   ----    ----
   DATA SIZE        =   ----    ----
   IDATA SIZE       =   ----    ----
   BIT SIZE         =   ----    ----
END OF MODULE INFORMATION.


C51 COMPILATION COMPLETE.  0 WARNING(S),  0 ERROR(S)
