C51 COMPILER V9.59.0.0   MAIN                                                              04/27/2022 16:38:49 PAGE 1   


C51 COMPILER V9.59.0.0, COMPILATION OF MODULE MAIN
OBJECT MODULE PLACED IN .\Objects\main.obj
COMPILER INVOKED BY: D:\Keil_v5\C51\BIN\C51.EXE main.c OPTIMIZE(8,SPEED) BROWSE DEBUG OBJECTEXTEND PRINT(.\Listings\main
                    -.lst) OBJECT(.\Objects\main.obj)

line level    source

   1          /*
   2          定时器舵机
   3          SG90舵机一个周期20ms
   4          高电平时间对应角度
   5          0.5ms   0°
   6          1ms             45°
   7          1.5ms   90°
   8          2ms             135°
   9          2.5ms   180°
  10          //具体数据应以试验为主，此次试验如下：
  11                                  if(speed==0){Compare_Servo=4;}
  12                                  if(speed==1){Compare_Servo=8;}
  13                                  if(speed==2){Compare_Servo=13;}
  14                                  if(speed==3){Compare_Servo=18;}
  15                                  if(speed==4){Compare_Servo=25;}
  16          */
  17          #include <REGX52.H>//标准头文件
  18          #include "51common.h"//定义unsigned char为u8,延时函数delay_ms()
  19          #include "key.h"//独立按键头文件
  20          #include "LCD1602.h"//LCD1602头文件
  21          #include "timer.h"//定时器
  22          #include "delay.h"//延时函数
  23          
  24          
  25          
  26          void main()
  27          {
  28   1      
  29   1              
  30   1      //      
  31   1      //      
  32   1      //      P2=0x00;
  33   1      //      for(i=0;i<255;i++){
  34   1      //              P2++;
  35   1      //              delay_ms(100);
  36   1      //      }
  37   1      //      
  38   1              Timer2_Init();
  39   1              
  40   1              while(1)
  41   1              {
  42   2                      
  43   2              }
  44   1              
  45   1      }
  46          


MODULE INFORMATION:   STATIC OVERLAYABLE
   CODE SIZE        =      5    ----
   CONSTANT SIZE    =   ----    ----
   XDATA SIZE       =   ----    ----
   PDATA SIZE       =   ----    ----
   DATA SIZE        =   ----    ----
C51 COMPILER V9.59.0.0   MAIN                                                              04/27/2022 16:38:49 PAGE 2   

   IDATA SIZE       =   ----    ----
   BIT SIZE         =   ----    ----
END OF MODULE INFORMATION.


C51 COMPILATION COMPLETE.  0 WARNING(S),  0 ERROR(S)
