C51 COMPILER V9.59.0.0   AT24C02                                                           04/05/2022 22:50:12 PAGE 1   


C51 COMPILER V9.59.0.0, COMPILATION OF MODULE AT24C02
OBJECT MODULE PLACED IN .\Objects\AT24C02.obj
COMPILER INVOKED BY: D:\Keil_v5\C51\BIN\C51.EXE AT24C02.c OPTIMIZE(8,SPEED) BROWSE DEBUG OBJECTEXTEND PRINT(.\Listings\A
                    -T24C02.lst) OBJECT(.\Objects\AT24C02.obj)

line level    source

   1          #include <REGX52.H>
   2          #include "delay.h"//delay_ms()   unsigned charΪu8,
   3          #include "I2C.h"//I2C(iic)通信协议
   4          #include "LCD1602.h"//LCD1602头文件
   5          
   6          #define AT24C02_ADDRESS 0xA0    //1010 000 0
   7          
   8          void AT24C02_WriteByte(unsigned char WordAddress,Data)
   9          {
  10   1              I2C_Start();
  11   1              I2C_SendByte(AT24C02_ADDRESS);
  12   1              I2C_ReceiveAck();
  13   1              
  14   1              I2C_SendByte(WordAddress);
  15   1              I2C_ReceiveAck();
  16   1              
  17   1              I2C_SendByte(Data);
  18   1              I2C_ReceiveAck();
  19   1              
  20   1              I2C_Stop();
  21   1              
  22   1      }
  23          
  24          unsigned char AT24C02_ReadByte(unsigned char WordAddress)
  25          {
  26   1              unsigned char Data;
  27   1              I2C_Start();
  28   1              I2C_SendByte(AT24C02_ADDRESS);
  29   1              I2C_ReceiveAck();
  30   1              I2C_SendByte(WordAddress);
  31   1              I2C_ReceiveAck();
  32   1              
  33   1              I2C_Start();
  34   1              I2C_SendByte(AT24C02_ADDRESS|0x01);
  35   1              I2C_ReceiveAck();
  36   1              Data=I2C_ReceiveByte();
  37   1              I2C_SendAck(1);
  38   1              I2C_Stop();
  39   1              return Data;
  40   1      }


MODULE INFORMATION:   STATIC OVERLAYABLE
   CODE SIZE        =     84    ----
   CONSTANT SIZE    =   ----    ----
   XDATA SIZE       =   ----    ----
   PDATA SIZE       =   ----    ----
   DATA SIZE        =   ----       5
   IDATA SIZE       =   ----    ----
   BIT SIZE         =   ----    ----
END OF MODULE INFORMATION.


C51 COMPILATION COMPLETE.  0 WARNING(S),  0 ERROR(S)
