C51 COMPILER V9.59.0.0   ONEWIRE                                                           04/06/2022 15:42:55 PAGE 1   


C51 COMPILER V9.59.0.0, COMPILATION OF MODULE ONEWIRE
OBJECT MODULE PLACED IN .\Objects\OneWire.obj
COMPILER INVOKED BY: D:\Keil_v5\C51\BIN\C51.EXE OneWire.c OPTIMIZE(8,SPEED) BROWSE DEBUG OBJECTEXTEND PRINT(.\Listings\O
                    -neWire.lst) OBJECT(.\Objects\OneWire.obj)

line level    source

   1          #include <REGX52.H>//标准头文件
   2          #include "delay.h"//delay_ms()   unsigned char为u8,
   3          
   4          #include <INTRINS.H>//要用_nop_();
   5          //晶振11.0592MHz
   6          //AM2301
   7          sbit OneWire_DATA=P1^3;
   8          
   9          unsigned char OneWire_Start(void)
  10          {
  11   1              unsigned char i;
  12   1              unsigned char AckBit,AckBit1,AckBit2;
  13   1              OneWire_DATA=1;
  14   1              //MCU发送开始信号
  15   1              OneWire_DATA=0;
  16   1              delay_ms(1);
  17   1              OneWire_DATA=1;//释放
  18   1              i = 9;while (--i);//延时20us
  19   1              //传感器响应
  20   1              i = 18;while (--i);//延时40us
  21   1              AckBit1=OneWire_DATA;//读取从机的响应值（低电平）
  22   1              _nop_();i = 36;while (--i);//延时80us
  23   1              AckBit2=OneWire_DATA;//读取从机的响应值（高电平）
  24   1              i = 18;while (--i);//延时40us
  25   1              OneWire_DATA=1;
  26   1              AckBit=(!AckBit1)&AckBit2;//两次都接收到从机响应信号则为1，否则为0
  27   1              
  28   1              return AckBit;
  29   1      }
  30          
  31          unsigned char OneWire_ReceiveBit(void)
  32          {
  33   1              unsigned char i;
  34   1              unsigned char Bit;
  35   1              
  36   1              while(OneWire_DATA);
  37   1              while(!OneWire_DATA);
  38   1              _nop_();i = 13;while (--i);//延时30us
  39   1              Bit=OneWire_DATA;
  40   1              
  41   1              return Bit;
  42   1      }
  43          
  44          unsigned char OneWire_ReceiveByte(void)
  45          {
  46   1              unsigned char i;
  47   1              unsigned char Byte=0x00;
  48   1              for(i=0;i<8;i++){
  49   2                      if(OneWire_ReceiveBit()){Byte|=(0x80>>i);}
  50   2              }
  51   1              return Byte;
  52   1      }


C51 COMPILER V9.59.0.0   ONEWIRE                                                           04/06/2022 15:42:55 PAGE 2   

MODULE INFORMATION:   STATIC OVERLAYABLE
   CODE SIZE        =    114    ----
   CONSTANT SIZE    =   ----    ----
   XDATA SIZE       =   ----    ----
   PDATA SIZE       =   ----    ----
   DATA SIZE        =   ----    ----
   IDATA SIZE       =   ----    ----
   BIT SIZE         =   ----    ----
END OF MODULE INFORMATION.


C51 COMPILATION COMPLETE.  0 WARNING(S),  0 ERROR(S)
