C51 COMPILER V9.59.0.0   MAIN                                                              03/29/2022 12:58:05 PAGE 1   


C51 COMPILER V9.59.0.0, COMPILATION OF MODULE MAIN
OBJECT MODULE PLACED IN .\Objects\main.obj
COMPILER INVOKED BY: D:\Keil_v5\C51\BIN\C51.EXE main.c OPTIMIZE(8,SPEED) BROWSE DEBUG OBJECTEXTEND PRINT(.\Listings\main
                    -.lst) OBJECT(.\Objects\main.obj)

line level    source

   1          #include <REGX52.H>
   2          #include <INTRINS.H>
   3          
   4          void Delay1ms()         //@11.088MHz
   5          {
   6   1              unsigned char i, j;
   7   1      
   8   1              i = 2;
   9   1              j = 201;
  10   1              do
  11   1              {
  12   2                      while (--j);
  13   2              } while (--i);
  14   1      }
  15          void delay(unsigned long int ms)
  16          {
  17   1              while(ms--){
  18   2                      Delay1ms();
  19   2              }
  20   1      }
  21          
  22          
  23          
  24          
  25          
  26          void main()
  27          {
  28   1              
  29   1              while(1)
  30   1              {
  31   2                      P2=0xaa;//1010 1010
  32   2                      delay(2000);
  33   2                      P2=0x55;//0101 0101
  34   2                      delay(2000);
  35   2              }
  36   1      }
  37          


MODULE INFORMATION:   STATIC OVERLAYABLE
   CODE SIZE        =     58    ----
   CONSTANT SIZE    =   ----    ----
   XDATA SIZE       =   ----    ----
   PDATA SIZE       =   ----    ----
   DATA SIZE        =   ----       4
   IDATA SIZE       =   ----    ----
   BIT SIZE         =   ----    ----
END OF MODULE INFORMATION.


C51 COMPILATION COMPLETE.  0 WARNING(S),  0 ERROR(S)
