C51 COMPILER V9.59.0.0   MAIN                                                              04/05/2022 22:15:46 PAGE 1   


C51 COMPILER V9.59.0.0, COMPILATION OF MODULE MAIN
OBJECT MODULE PLACED IN .\Objects\main.obj
COMPILER INVOKED BY: D:\Keil_v5\C51\BIN\C51.EXE main.c OPTIMIZE(8,SPEED) BROWSE DEBUG OBJECTEXTEND PRINT(.\Listings\main
                    -.lst) OBJECT(.\Objects\main.obj)

line level    source

   1          /*
   2          DS18B20温度读取
   3          */
   4          #include <REGX52.H>//标准头文件
   5          #include "delay.h"//delay_ms()   unsigned char为u8,
   6          #include "key.h"//独立按键头文件
   7          #include "LCD1602.h"//LCD1602头文件
   8          #include "timer.h"//定时器
   9          #include "OneWire.h"//单总线1-wire协议
  10          #include "DS18B20.h"//DS18B20
  11          
  12          float T;
  13          
  14          void main()
  15          {
  16   1              DS18B20_ConvertT();//读第一个数的时候延时一会，第一次转换得到准确值
  17   1              delay_ms(1000);
  18   1              
  19   1              LCD_Init();
  20   1              LCD_ShowString(1,1,"Hello");
  21   1              
  22   1              while(1)
  23   1              {
  24   2                      DS18B20_ConvertT();
  25   2                      T=DS18B20_ReadT();
  26   2                      if(T<0){
  27   3                              LCD_ShowChar(2,1,'-');
  28   3                              T=-T;
  29   3                      }else{
  30   3                              LCD_ShowChar(2,1,'+');
  31   3                      }
  32   2                      LCD_ShowNum(2,2,T,3);
  33   2                      LCD_ShowChar(2,5,'.');
  34   2                      LCD_ShowNum(2,6,(unsigned long)(T*10000)%10000,4);
  35   2      
  36   2                      
  37   2              }
  38   1              
  39   1      }
  40          


MODULE INFORMATION:   STATIC OVERLAYABLE
   CODE SIZE        =    174    ----
   CONSTANT SIZE    =      6    ----
   XDATA SIZE       =   ----    ----
   PDATA SIZE       =   ----    ----
   DATA SIZE        =      4    ----
   IDATA SIZE       =   ----    ----
   BIT SIZE         =   ----    ----
END OF MODULE INFORMATION.


C51 COMPILATION COMPLETE.  0 WARNING(S),  0 ERROR(S)
