C51 COMPILER V9.59.0.0   MAIN                                                              04/03/2022 22:55:53 PAGE 1   


C51 COMPILER V9.59.0.0, COMPILATION OF MODULE MAIN
OBJECT MODULE PLACED IN .\Objects\main.obj
COMPILER INVOKED BY: D:\Keil_v5\C51\BIN\C51.EXE main.c OPTIMIZE(8,SPEED) BROWSE DEBUG OBJECTEXTEND PRINT(.\Listings\main
                    -.lst) OBJECT(.\Objects\main.obj)

line level    source

   1          /*
   2          定时器流水灯示例
   3          */
   4          #include <REGX52.H>//标准头文件
   5          #include "51common.h"//定义unsigned char为u8,延时函数delay_ms()
   6          #include "key.h"//独立按键头文件
   7          #include "LCD1602.h"//LCD1602头文件
   8          #include "timer.h"//定时器
   9          
  10          
  11          void main()
  12          {
  13   1              Timer0_Init();
  14   1              
  15   1              while(1)
  16   1              {
  17   2                      
  18   2              }
  19   1              
  20   1      }
  21          


MODULE INFORMATION:   STATIC OVERLAYABLE
   CODE SIZE        =      5    ----
   CONSTANT SIZE    =   ----    ----
   XDATA SIZE       =   ----    ----
   PDATA SIZE       =   ----    ----
   DATA SIZE        =   ----    ----
   IDATA SIZE       =   ----    ----
   BIT SIZE         =   ----    ----
END OF MODULE INFORMATION.


C51 COMPILATION COMPLETE.  0 WARNING(S),  0 ERROR(S)
