C51 COMPILER V9.59.0.0   DELAY                                                             03/29/2022 16:48:42 PAGE 1   


C51 COMPILER V9.59.0.0, COMPILATION OF MODULE DELAY
OBJECT MODULE PLACED IN .\Objects\delay.obj
COMPILER INVOKED BY: D:\Keil_v5\C51\BIN\C51.EXE delay.c OPTIMIZE(8,SPEED) BROWSE DEBUG OBJECTEXTEND PRINT(.\Listings\del
                    -ay.lst) OBJECT(.\Objects\delay.obj)

line level    source

   1          #include <REGX52.H>
   2          #include <INTRINS.H>
   3          #include "delay.h"
   4          
   5          void Delay1ms()         //@11.0592MHz
   6          {
   7   1              unsigned char i, j;
   8   1      
   9   1              _nop_();
  10   1              i = 2;
  11   1              j = 199;
  12   1              do
  13   1              {
  14   2                      while (--j);
  15   2              } while (--i);
  16   1      }
  17          
  18          void delay_ms(unsigned long int ms)
  19          {
  20   1              while(ms--){
  21   2                      Delay1ms();
  22   2              }
  23   1      }


MODULE INFORMATION:   STATIC OVERLAYABLE
   CODE SIZE        =     37    ----
   CONSTANT SIZE    =   ----    ----
   XDATA SIZE       =   ----    ----
   PDATA SIZE       =   ----    ----
   DATA SIZE        =   ----       4
   IDATA SIZE       =   ----    ----
   BIT SIZE         =   ----    ----
END OF MODULE INFORMATION.


C51 COMPILATION COMPLETE.  0 WARNING(S),  0 ERROR(S)
