C51 COMPILER V9.59.0.0   MAIN                                                              03/29/2022 16:48:42 PAGE 1   


C51 COMPILER V9.59.0.0, COMPILATION OF MODULE MAIN
OBJECT MODULE PLACED IN .\Objects\main.obj
COMPILER INVOKED BY: D:\Keil_v5\C51\BIN\C51.EXE main.c OPTIMIZE(8,SPEED) BROWSE DEBUG OBJECTEXTEND PRINT(.\Listings\main
                    -.lst) OBJECT(.\Objects\main.obj)

line level    source

   1          #include <REGX52.H>
   2          #include <INTRINS.H>
   3          #include "delay.h"
   4          #include "key.h"
   5          
   6          u8 key;
   7          void main()
   8          {
   9   1      //      P2=0xfe;//1111 1110
  10   1              
  11   1              //P2_0 = 1;
  12   1              while(1)
  13   1              {
  14   2                      key=KEY_Scan(1);
  15   2                      if(key)
  16   2                      {
  17   3                              switch(key)
  18   3                              {
  19   4                                      case KEY1_PRES:
  20   4                                              P2_0 = !P2_0;break;
  21   4                                      case KEY2_PRES:
  22   4                                              P2_1 = 0;break;
  23   4                                      case KEY3_PRES:
  24   4                                              P2=P2>>1;break;
  25   4                                      case KEY4_PRES:
  26   4                                              P2=P2<<1;break;
  27   4                              }
  28   3                      }else{
  29   3                              if(KEY2==1) P2_1 = 1;
  30   3                              delay_ms(20);
  31   3                      }
  32   2                      delay_ms(10);
  33   2                      
  34   2              }
  35   1      }
  36          


MODULE INFORMATION:   STATIC OVERLAYABLE
   CODE SIZE        =     78    ----
   CONSTANT SIZE    =   ----    ----
   XDATA SIZE       =   ----    ----
   PDATA SIZE       =   ----    ----
   DATA SIZE        =      1    ----
   IDATA SIZE       =   ----    ----
   BIT SIZE         =   ----    ----
END OF MODULE INFORMATION.


C51 COMPILATION COMPLETE.  0 WARNING(S),  0 ERROR(S)
