C51 COMPILER V9.59.0.0   MAIN                                                              04/02/2022 21:48:55 PAGE 1   


C51 COMPILER V9.59.0.0, COMPILATION OF MODULE MAIN
OBJECT MODULE PLACED IN .\Objects\main.obj
COMPILER INVOKED BY: D:\Keil_v5\C51\BIN\C51.EXE main.c OPTIMIZE(8,SPEED) BROWSE DEBUG OBJECTEXTEND PRINT(.\Listings\main
                    -.lst) OBJECT(.\Objects\main.obj)

line level    source

   1          /*动态数码管
   2          延时太短会出现显示错位，怎么办？答：消影
   3          
   4          原来的过程：位选 段选 位选 段选 位选 段选 
   5          加入消影的过程：位选 段选 清零 位选 段选 清零 位选 段选 清零
   6          */
   7          
   8          #include <REGX52.H>
   9          #include "typedef.h"
  10          #include "delay.h"
  11          
  12          void Nixie(u8 location,Number,Point);
  13          
  14          void main()
  15          {
  16   1              while(1)
  17   1              {
  18   2                      u8 i;
  19   2                      for(i=0;;i++){
  20   3                              Nixie(i,i,1);
  21   3                              //delay_ms(500);
  22   3                              if(i==8) i=0;
  23   3                      }
  24   2                      
  25   2              }
  26   1      }
  27          
  28          void Nixie(u8 Location,Number,Point)
  29          {
  30   1              //坐标（1~8，从右到左），数字（0~9），有无点（1为有，0为无）
  31   1              switch(Location)
  32   1              {
  33   2                      case 1:P2_4=0;P2_3=0;P2_2=0;break;
  34   2                      case 2:P2_4=0;P2_3=0;P2_2=1;break;
  35   2                      case 3:P2_4=0;P2_3=1;P2_2=0;break;
  36   2                      case 4:P2_4=0;P2_3=1;P2_2=1;break;
  37   2                      case 5:P2_4=1;P2_3=0;P2_2=0;break;
  38   2                      case 6:P2_4=1;P2_3=0;P2_2=1;break;
  39   2                      case 7:P2_4=1;P2_3=1;P2_2=0;break;
  40   2                      case 8:P2_4=1;P2_3=1;P2_2=1;break;
  41   2              }
  42   1              switch(Number)
  43   1              {
  44   2                      case 0:P0=0x3F;break;
  45   2                      case 1:P0=0x06;break;
  46   2                      case 2:P0=0x5b;break;
  47   2                      case 3:P0=0x4f;break;
  48   2                      case 4:P0=0x66;break;
  49   2                      case 5:P0=0x6D;break;
  50   2                      case 6:P0=0x7D;break;
  51   2                      case 7:P0=0x07;break;
  52   2                      case 8:P0=0x7F;break;
  53   2                      case 9:P0=0x6F;break;
  54   2              }
C51 COMPILER V9.59.0.0   MAIN                                                              04/02/2022 21:48:55 PAGE 2   

  55   1              switch(Point)
  56   1              {
  57   2                      case 0:P0_7=0;break;
  58   2                      case 1:P0_7=1;break;
  59   2              }
  60   1              delay_ms(1);
  61   1              P0=0x00;
  62   1      }


MODULE INFORMATION:   STATIC OVERLAYABLE
   CODE SIZE        =    250    ----
   CONSTANT SIZE    =   ----    ----
   XDATA SIZE       =   ----    ----
   PDATA SIZE       =   ----    ----
   DATA SIZE        =   ----       3
   IDATA SIZE       =   ----    ----
   BIT SIZE         =   ----    ----
END OF MODULE INFORMATION.


C51 COMPILATION COMPLETE.  0 WARNING(S),  0 ERROR(S)
