C51 COMPILER V9.59.0.0   MAIN                                                              04/17/2022 12:29:39 PAGE 1   


C51 COMPILER V9.59.0.0, COMPILATION OF MODULE MAIN
OBJECT MODULE PLACED IN .\Objects\main.obj
COMPILER INVOKED BY: D:\Keil_v5\C51\BIN\C51.EXE main.c OPTIMIZE(8,SPEED) BROWSE DEBUG OBJECTEXTEND PRINT(.\Listings\main
                    -.lst) OBJECT(.\Objects\main.obj)

line level    source

   1          /*
   2          串口向电脑发送数据
   3          UART(Universal Asynchronous Receiver Transmitter)
   4          TXD(transmit exchange data)
   5          RXD(receive exchange data)
   6          串口常用电平标准
   7          TTL电平：+5V表示1，0V表示0
   8          RS232电平：-3~-15V表示1，+3~+15V表示0
   9          RS485电平：两线压差+2~+6V表示1，-2V~-6V表示0
  10          
  11          */
  12          #include <REGX52.H>
  13          #include <delay.h>
  14          #include <key.h>
  15          
  16          unsigned char sec;
  17          
  18          void Uart_Init(void)            //9600bps@11.0592MHz
  19          {
  20   1              
  21   1              SCON=0x50;          //允许接收信号
  22   1              PCON|=0x00;         //
  23   1              TMOD &= 0x0F;           //清除定时器1模式位
  24   1              TMOD |= 0x20;           //设定定时器1为8位自动重装方式
  25   1              TL1 = 0xFD;             //设定定时初值
  26   1              TH1 = 0xFD;             //设定定时器重装值
  27   1              ET1 = 0;                //禁止定时器1中断
  28   1              TR1 = 1;                //启动定时器1
  29   1              
  30   1              EA=1;
  31   1              ES=1;
  32   1      }
  33          void UART_SendByte(unsigned char Byte)
  34          {
  35   1              SBUF=Byte;
  36   1              while(TI==0);
  37   1              TI=0;
  38   1              
  39   1      }
  40          
  41          void main()
  42          {
  43   1              Uart_Init();
  44   1              
  45   1              while(1)
  46   1              {
  47   2                      //P2=0xf0;delay_ms(500);
  48   2                      //P2=0x0f;delay_ms(500);
  49   2              }
  50   1      }
  51          
  52          void UART_Routine() interrupt 4
  53          {
  54   1              if(RI==1){
C51 COMPILER V9.59.0.0   MAIN                                                              04/17/2022 12:29:39 PAGE 2   

  55   2                      P2=SBUF;
  56   2                      UART_SendByte(SBUF);
  57   2                      RI=0;
  58   2              }
  59   1              //P2=0x55;
  60   1      }


MODULE INFORMATION:   STATIC OVERLAYABLE
   CODE SIZE        =     62    ----
   CONSTANT SIZE    =   ----    ----
   XDATA SIZE       =   ----    ----
   PDATA SIZE       =   ----    ----
   DATA SIZE        =      1    ----
   IDATA SIZE       =   ----    ----
   BIT SIZE         =   ----    ----
END OF MODULE INFORMATION.


C51 COMPILATION COMPLETE.  0 WARNING(S),  0 ERROR(S)
